<?xml version="1.0" encoding="UTF-8"?>
<!-- Generated by org.testng.reporters.JUnitReportReporter -->
<testsuite hostname="LAPTOP-PQILV5P5" failures="0" tests="2" name="qaclickacademy.Mavenjava.SeleniumTest" time="0.001" errors="0" timestamp="2020-08-27T21:47:40 IST" skipped="0">
  <testcase classname="qaclickacademy.Mavenjava.SeleniumTest" name="elementUI" time="0.000"/>
  <system-out/>
  <testcase classname="qaclickacademy.Mavenjava.SeleniumTest" name="BrowserAutomation" time="0.001"/>
  <system-out/>
</testsuite> <!-- qaclickacademy.Mavenjava.SeleniumTest -->
